<?xml version="1.0" encoding="UTF-8"?>
<coverage generated="1611244074505" clover="3.2.0">
  <project timestamp="1611244074505" name="All files">
    <metrics statements="26" coveredstatements="25" conditionals="12" coveredconditionals="10" methods="5" coveredmethods="4" elements="43" coveredelements="39" complexity="0" loc="26" ncloc="26" packages="1" files="1" classes="1"/>
    <file name="index.ts" path="/Users/hezaichang/git/webpack-composer/src/index.ts">
      <metrics statements="26" coveredstatements="25" conditionals="12" coveredconditionals="10" methods="5" coveredmethods="4"/>
      <line num="18" count="1" type="stmt"/>
      <line num="19" count="1" type="stmt"/>
      <line num="20" count="1" type="stmt"/>
      <line num="24" count="1" type="cond" truecount="1" falsecount="1"/>
      <line num="25" count="1" type="stmt"/>
      <line num="27" count="1" type="stmt"/>
      <line num="28" count="8" type="stmt"/>
      <line num="29" count="8" type="stmt"/>
      <line num="31" count="8" type="cond" truecount="3" falsecount="0"/>
      <line num="35" count="4" type="stmt"/>
      <line num="36" count="4" type="stmt"/>
      <line num="39" count="8" type="stmt"/>
      <line num="40" count="9" type="stmt"/>
      <line num="44" count="9" type="stmt"/>
      <line num="45" count="9" type="stmt"/>
      <line num="46" count="9" type="stmt"/>
      <line num="49" count="8" type="stmt"/>
      <line num="51" count="8" type="stmt"/>
      <line num="54" count="1" type="stmt"/>
      <line num="56" count="14" type="cond" truecount="2" falsecount="0"/>
      <line num="57" count="13" type="stmt"/>
      <line num="60" count="14" type="stmt"/>
      <line num="62" count="1" type="stmt"/>
      <line num="66" count="0" type="stmt"/>
      <line num="69" count="13" type="stmt"/>
      <line num="75" count="1" type="stmt"/>
    </file>
  </project>
</coverage>
