{"/Users/hezaichang/git/webpack-composer/src/index.ts": {"path":"/Users/hezaichang/git/webpack-composer/src/index.ts","statementMap":{"0":{"start":{"line":18,"column":23},"end":{"line":18,"column":34}},"1":{"start":{"line":19,"column":19},"end":{"line":19,"column":27}},"2":{"start":{"line":20,"column":27},"end":{"line":22,"column":null}},"3":{"start":{"line":24,"column":34},"end":{"line":24,"column":null}},"4":{"start":{"line":25,"column":20},"end":{"line":25,"column":22}},"5":{"start":{"line":27,"column":23},"end":{"line":52,"column":5}},"6":{"start":{"line":28,"column":26},"end":{"line":28,"column":33}},"7":{"start":{"line":29,"column":23},"end":{"line":29,"column":40}},"8":{"start":{"line":31,"column":8},"end":{"line":37,"column":null}},"9":{"start":{"line":35,"column":12},"end":{"line":35,"column":null}},"10":{"start":{"line":36,"column":12},"end":{"line":36,"column":null}},"11":{"start":{"line":39,"column":8},"end":{"line":47,"column":null}},"12":{"start":{"line":40,"column":30},"end":{"line":42,"column":23}},"13":{"start":{"line":44,"column":12},"end":{"line":44,"column":null}},"14":{"start":{"line":45,"column":12},"end":{"line":45,"column":null}},"15":{"start":{"line":46,"column":12},"end":{"line":46,"column":null}},"16":{"start":{"line":49,"column":8},"end":{"line":49,"column":null}},"17":{"start":{"line":51,"column":8},"end":{"line":51,"column":null}},"18":{"start":{"line":54,"column":20},"end":{"line":73,"column":null}},"19":{"start":{"line":56,"column":12},"end":{"line":58,"column":null}},"20":{"start":{"line":57,"column":16},"end":{"line":57,"column":null}},"21":{"start":{"line":60,"column":12},"end":{"line":71,"column":null}},"22":{"start":{"line":62,"column":20},"end":{"line":62,"column":null}},"23":{"start":{"line":62,"column":33},"end":{"line":62,"column":null}},"24":{"start":{"line":66,"column":20},"end":{"line":66,"column":null}},"25":{"start":{"line":66,"column":33},"end":{"line":66,"column":null}},"26":{"start":{"line":69,"column":20},"end":{"line":69,"column":null}},"27":{"start":{"line":75,"column":4},"end":{"line":75,"column":null}},"28":{"start":{"line":24,"column":0},"end":{"line":24,"column":24}}},"fnMap":{"0":{"name":"Composer","decl":{"start":{"line":24,"column":24},"end":{"line":24,"column":32}},"loc":{"start":{"line":24,"column":61},"end":{"line":76,"column":1}}},"1":{"name":"(anonymous_1)","decl":{"start":{"line":27,"column":23},"end":{"line":27,"column":28}},"loc":{"start":{"line":27,"column":28},"end":{"line":52,"column":5}}},"2":{"name":"(anonymous_2)","decl":{"start":{"line":55,"column":11},"end":{"line":55,"column":13}},"loc":{"start":{"line":55,"column":24},"end":{"line":72,"column":9}}},"3":{"name":"(anonymous_3)","decl":{"start":{"line":62,"column":27},"end":{"line":62,"column":33}},"loc":{"start":{"line":62,"column":27},"end":{"line":62,"column":40}}},"4":{"name":"(anonymous_4)","decl":{"start":{"line":66,"column":27},"end":{"line":66,"column":33}},"loc":{"start":{"line":66,"column":27},"end":{"line":66,"column":40}}}},"branchMap":{"0":{"loc":{"start":{"line":24,"column":34},"end":{"line":24,"column":null}},"type":"if","locations":[{"start":{"line":24,"column":34},"end":{"line":24,"column":null}},{"start":{"line":24,"column":34},"end":{"line":24,"column":null}}]},"1":{"loc":{"start":{"line":31,"column":15},"end":{"line":31,"column":23}},"type":"binary-expr","locations":[{"start":{"line":31,"column":15},"end":{"line":31,"column":23}},{"start":{"line":32,"column":15},"end":{"line":32,"column":49}},{"start":{"line":33,"column":15},"end":{"line":33,"column":31}}]},"2":{"loc":{"start":{"line":41,"column":18},"end":{"line":41,"column":35}},"type":"cond-expr","locations":[{"start":{"line":41,"column":18},"end":{"line":41,"column":35}},{"start":{"line":42,"column":18},"end":{"line":42,"column":23}}]},"3":{"loc":{"start":{"line":56,"column":12},"end":{"line":58,"column":null}},"type":"if","locations":[{"start":{"line":56,"column":12},"end":{"line":58,"column":null}},{"start":{"line":56,"column":12},"end":{"line":58,"column":null}}]},"4":{"loc":{"start":{"line":61,"column":16},"end":{"line":63,"column":null}},"type":"switch","locations":[{"start":{"line":61,"column":16},"end":{"line":63,"column":null}},{"start":{"line":64,"column":16},"end":{"line":67,"column":null}},{"start":{"line":68,"column":16},"end":{"line":70,"column":null}}]}},"s":{"0":1,"1":1,"2":1,"3":1,"4":1,"5":1,"6":8,"7":8,"8":8,"9":4,"10":4,"11":8,"12":9,"13":9,"14":9,"15":9,"16":8,"17":8,"18":1,"19":14,"20":13,"21":14,"22":1,"23":1,"24":0,"25":0,"26":13,"27":1,"28":1},"f":{"0":1,"1":8,"2":14,"3":1,"4":0},"b":{"0":[0,1],"1":[12,12,7],"2":[1,8],"3":[13,1],"4":[1,0,13]}}
}
