TN:
SF:src/index.ts
FN:24,Composer
FN:27,(anonymous_1)
FN:55,(anonymous_2)
FN:62,(anonymous_3)
FN:66,(anonymous_4)
FNF:5
FNH:4
FNDA:1,Composer
FNDA:8,(anonymous_1)
FNDA:14,(anonymous_2)
FNDA:1,(anonymous_3)
FNDA:0,(anonymous_4)
DA:18,1
DA:19,1
DA:20,1
DA:24,1
DA:25,1
DA:27,1
DA:28,8
DA:29,8
DA:31,8
DA:35,4
DA:36,4
DA:39,8
DA:40,9
DA:44,9
DA:45,9
DA:46,9
DA:49,8
DA:51,8
DA:54,1
DA:56,14
DA:57,13
DA:60,14
DA:62,1
DA:66,0
DA:69,13
DA:75,1
LF:26
LH:25
BRDA:24,0,0,0
BRDA:24,0,1,1
BRDA:31,1,0,12
BRDA:31,1,1,12
BRDA:31,1,2,7
BRDA:41,2,0,1
BRDA:41,2,1,8
BRDA:56,3,0,13
BRDA:56,3,1,1
BRDA:61,4,0,1
BRDA:61,4,1,0
BRDA:61,4,2,13
BRF:12
BRH:10
end_of_record
